# JRE version: Java(TM) SE Runtime Environment (7.0_72-b14) (build 1.7.0_72-b14)
# Java VM: Java HotSpot(TM) Server VM (24.72-b04 mixed mode linux-x86 )
Heap
 PSYoungGen      total 225280K, used 160649K [0xa3500000, 0xb3500000, 0xb3500000)
  eden space 190464K, 72% used [0xa3500000,0xabb74798,0xaef00000)
  from space 34816K, 65% used [0xb1300000,0xb296dfc8,0xb3500000)
  to   space 35840K, 0% used [0xaef00000,0xaef00000,0xb1200000)
 ParOldGen       total 154624K, used 99787K [0x83500000, 0x8cc00000, 0xa3500000)
  object space 154624K, 64% used [0x83500000,0x89672c00,0x8cc00000)
 PSPermGen       total 70400K, used 53580K [0x73500000, 0x779c0000, 0x83500000)
  object space 70400K, 76% used [0x73500000,0x76953318,0x779c0000)
GC Heap History (10 events):
Event: 719,779 GC heap before
{Heap before GC invocations=41 (full 3):
 PSYoungGen      total 230912K, used 215320K [0xa3500000, 0xb3480000, 0xb3500000)
  eden space 201216K, 100% used [0xa3500000,0xaf980000,0xaf980000)
  from space 29696K, 47% used [0xaf980000,0xb0746110,0xb1680000)
  to   space 28928K, 0% used [0xb1840000,0xb1840000,0xb3480000)
 ParOldGen       total 154624K, used 99787K [0x83500000, 0x8cc00000, 0xa3500000)
  object space 154624K, 64% used [0x83500000,0x89672c00,0x8cc00000)
 PSPermGen       total 70400K, used 50541K [0x73500000, 0x779c0000, 0x83500000)
  object space 70400K, 71% used [0x73500000,0x7665b558,0x779c0000)
Event: 719,852 GC heap after
Heap after GC invocations=41 (full 3):
 PSYoungGen      total 228096K, used 23054K [0xa3500000, 0xb3500000, 0xb3500000)
  eden space 199168K, 0% used [0xa3500000,0xa3500000,0xaf780000)
  from space 28928K, 79% used [0xb1840000,0xb2ec3bf0,0xb3480000)
  to   space 31488K, 0% used [0xaf780000,0xaf780000,0xb1640000)
 ParOldGen       total 154624K, used 99787K [0x83500000, 0x8cc00000, 0xa3500000)
  object space 154624K, 64% used [0x83500000,0x89672c00,0x8cc00000)
 PSPermGen       total 70400K, used 50541K [0x73500000, 0x779c0000, 0x83500000)
  object space 70400K, 71% used [0x73500000,0x7665b558,0x779c0000)
}
Event: 961,559 GC heap before
{Heap before GC invocations=42 (full 3):
 PSYoungGen      total 228096K, used 222222K [0xa3500000, 0xb3500000, 0xb3500000)
  eden space 199168K, 100% used [0xa3500000,0xaf780000,0xaf780000)
  from space 28928K, 79% used [0xb1840000,0xb2ec3bf0,0xb3480000)
  to   space 31488K, 0% used [0xaf780000,0xaf780000,0xb1640000)
 ParOldGen       total 154624K, used 99787K [0x83500000, 0x8cc00000, 0xa3500000)
  object space 154624K, 64% used [0x83500000,0x89672c00,0x8cc00000)
 PSPermGen       total 70400K, used 51221K [0x73500000, 0x779c0000, 0x83500000)
  object space 70400K, 72% used [0x73500000,0x76705408,0x779c0000)
Event: 961,612 GC heap after
Heap after GC invocations=42 (full 3):
 PSYoungGen      total 220672K, used 21328K [0xa3500000, 0xb3500000, 0xb3500000)
  eden space 199168K, 0% used [0xa3500000,0xa3500000,0xaf780000)
  from space 21504K, 99% used [0xaf780000,0xb0c54018,0xb0c80000)
  to   space 32768K, 0% used [0xb1500000,0xb1500000,0xb3500000)
 ParOldGen       total 154624K, used 99787K [0x83500000, 0x8cc00000, 0xa3500000)
  object space 154624K, 64% used [0x83500000,0x89672c00,0x8cc00000)
 PSPermGen       total 70400K, used 51221K [0x73500000, 0x779c0000, 0x83500000)
  object space 70400K, 72% used [0x73500000,0x76705408,0x779c0000)
}
Event: 1087,752 GC heap before
{Heap before GC invocations=43 (full 3):
 PSYoungGen      total 220672K, used 220496K [0xa3500000, 0xb3500000, 0xb3500000)
  eden space 199168K, 100% used [0xa3500000,0xaf780000,0xaf780000)
  from space 21504K, 99% used [0xaf780000,0xb0c54018,0xb0c80000)
  to   space 32768K, 0% used [0xb1500000,0xb1500000,0xb3500000)
 ParOldGen       total 154624K, used 99787K [0x83500000, 0x8cc00000, 0xa3500000)
  object space 154624K, 64% used [0x83500000,0x89672c00,0x8cc00000)
 PSPermGen       total 70400K, used 51623K [0x73500000, 0x779c0000, 0x83500000)
  object space 70400K, 73% used [0x73500000,0x76769f58,0x779c0000)
Event: 1087,813 GC heap after
Heap after GC invocations=43 (full 3):
 PSYoungGen      total 227328K, used 21762K [0xa3500000, 0xb3500000, 0xb3500000)
  eden space 194560K, 0% used [0xa3500000,0xa3500000,0xaf300000)
  from space 32768K, 66% used [0xb1500000,0xb2a40918,0xb3500000)
  to   space 33792K, 0% used [0xaf300000,0xaf300000,0xb1400000)
 ParOldGen       total 154624K, used 99787K [0x83500000, 0x8cc00000, 0xa3500000)
  object space 154624K, 64% used [0x83500000,0x89672c00,0x8cc00000)
 PSPermGen       total 70400K, used 51623K [0x73500000, 0x779c0000, 0x83500000)
  object space 70400K, 73% used [0x73500000,0x76769f58,0x779c0000)
}
Event: 1174,716 GC heap before
{Heap before GC invocations=44 (full 3):
 PSYoungGen      total 227328K, used 216322K [0xa3500000, 0xb3500000, 0xb3500000)
  eden space 194560K, 100% used [0xa3500000,0xaf300000,0xaf300000)
  from space 32768K, 66% used [0xb1500000,0xb2a40918,0xb3500000)
  to   space 33792K, 0% used [0xaf300000,0xaf300000,0xb1400000)
 ParOldGen       total 154624K, used 99787K [0x83500000, 0x8cc00000, 0xa3500000)
  object space 154624K, 64% used [0x83500000,0x89672c00,0x8cc00000)
 PSPermGen       total 70400K, used 52244K [0x73500000, 0x779c0000, 0x83500000)
  object space 70400K, 74% used [0x73500000,0x76805278,0x779c0000)
Event: 1174,787 GC heap after
Heap after GC invocations=44 (full 3):
 PSYoungGen      total 217088K, used 22468K [0xa3500000, 0xb3500000, 0xb3500000)
  eden space 194560K, 0% used [0xa3500000,0xa3500000,0xaf300000)
  from space 22528K, 99% used [0xaf300000,0xb08f12a0,0xb0900000)
  to   space 34816K, 0% used [0xb1300000,0xb1300000,0xb3500000)
 ParOldGen       total 154624K, used 99787K [0x83500000, 0x8cc00000, 0xa3500000)
  object space 154624K, 64% used [0x83500000,0x89672c00,0x8cc00000)
 PSPermGen       total 70400K, used 52244K [0x73500000, 0x779c0000, 0x83500000)
  object space 70400K, 74% used [0x73500000,0x76805278,0x779c0000)
}
Event: 1237,140 GC heap before
{Heap before GC invocations=45 (full 3):
 PSYoungGen      total 217088K, used 217028K [0xa3500000, 0xb3500000, 0xb3500000)
  eden space 194560K, 100% used [0xa3500000,0xaf300000,0xaf300000)
  from space 22528K, 99% used [0xaf300000,0xb08f12a0,0xb0900000)
  to   space 34816K, 0% used [0xb1300000,0xb1300000,0xb3500000)
 ParOldGen       total 154624K, used 99787K [0x83500000, 0x8cc00000, 0xa3500000)
  object space 154624K, 64% used [0x83500000,0x89672c00,0x8cc00000)
 PSPermGen       total 70400K, used 52991K [0x73500000, 0x779c0000, 0x83500000)
  object space 70400K, 75% used [0x73500000,0x768bfe88,0x779c0000)
Event: 1237,195 GC heap after
Heap after GC invocations=45 (full 3):
 PSYoungGen      total 225280K, used 22967K [0xa3500000, 0xb3500000, 0xb3500000)
  eden space 190464K, 0% used [0xa3500000,0xa3500000,0xaef00000)
  from space 34816K, 65% used [0xb1300000,0xb296dfc8,0xb3500000)
  to   space 35840K, 0% used [0xaef00000,0xaef00000,0xb1200000)
 ParOldGen       total 154624K, used 99787K [0x83500000, 0x8cc00000, 0xa3500000)
  object space 154624K, 64% used [0x83500000,0x89672c00,0x8cc00000)
 PSPermGen       total 70400K, used 52991K [0x73500000, 0x779c0000, 0x83500000)
  object space 70400K, 75% used [0x73500000,0x768bfe88,0x779c0000)
}

