<?xml version="1.0" encoding="UTF-8" ?>
<testsuites>
  <testsuite errors="5" failures="2" hostname="zaini" id="0" name="AnswerControllerSpec" package="fr.isima.gask" tests="7" time="1.516" timestamp="2015-02-07T18:22:00">
      <properties />

      <testcase classname="fr.isima.gask.AnswerControllerSpec" name="Test the index action returns the correct model" time="0.675">
          <failure message="Condition not satisfied:&#xa;&#xa;model.answerInstanceCount == 0&#xa;|     |                   |&#xa;[:]   null                false&#xa;" type="junit.framework.AssertionFailedError">junit.framework.AssertionFailedError: Condition not satisfied:

model.answerInstanceCount == 0
|     |                   |
[:]   null                false

	at fr.isima.gask.AnswerControllerSpec.Test the index action returns the correct model(AnswerControllerSpec.groovy:25)
</failure>

      </testcase>

      <testcase classname="fr.isima.gask.AnswerControllerSpec" name="Test the create action returns the correct model" time="0.088">
          <failure message="Condition not satisfied:&#xa;&#xa;model.answerInstance!= null&#xa;|     |             |&#xa;[:]   null          false&#xa;" type="junit.framework.AssertionFailedError">junit.framework.AssertionFailedError: Condition not satisfied:

model.answerInstance!= null
|     |             |
[:]   null          false

	at fr.isima.gask.AnswerControllerSpec.Test the create action returns the correct model(AnswerControllerSpec.groovy:33)
</failure>

      </testcase>

      <testcase classname="fr.isima.gask.AnswerControllerSpec" name="Test the save action correctly persists an instance" time="0.143">
          <error message="No signature of method: fr.isima.gask.AnswerController.save() is applicable for argument types: (fr.isima.gask.Answer) values: [fr.isima.gask.Answer : (unsaved)]&#xa;Possible solutions: wait(), hide(), any(), wait(long), hide(int), raw(java.lang.Object)" type="groovy.lang.MissingMethodException">groovy.lang.MissingMethodException: No signature of method: fr.isima.gask.AnswerController.save() is applicable for argument types: (fr.isima.gask.Answer) values: [fr.isima.gask.Answer : (unsaved)]
Possible solutions: wait(), hide(), any(), wait(long), hide(int), raw(java.lang.Object)
	at fr.isima.gask.AnswerControllerSpec.Test the save action correctly persists an instance(AnswerControllerSpec.groovy:43)
</error>

      </testcase>

      <testcase classname="fr.isima.gask.AnswerControllerSpec" name="Test that the show action returns the correct model" time="0.107">
          <error message="No signature of method: fr.isima.gask.AnswerController.show() is applicable for argument types: (null) values: [null]&#xa;Possible solutions: raw(java.lang.Object), wait(), get(), hide(), any(), dump()" type="groovy.lang.MissingMethodException">groovy.lang.MissingMethodException: No signature of method: fr.isima.gask.AnswerController.show() is applicable for argument types: (null) values: [null]
Possible solutions: raw(java.lang.Object), wait(), get(), hide(), any(), dump()
	at fr.isima.gask.AnswerControllerSpec.Test that the show action returns the correct model(AnswerControllerSpec.groovy:64)
</error>

      </testcase>

      <testcase classname="fr.isima.gask.AnswerControllerSpec" name="Test that the edit action returns the correct model" time="0.115">
          <error message="No signature of method: fr.isima.gask.AnswerController.edit() is applicable for argument types: (null) values: [null]&#xa;Possible solutions: wait(), hide(), wait(long), get(), hide(int), delete()" type="groovy.lang.MissingMethodException">groovy.lang.MissingMethodException: No signature of method: fr.isima.gask.AnswerController.edit() is applicable for argument types: (null) values: [null]
Possible solutions: wait(), hide(), wait(long), get(), hide(int), delete()
	at fr.isima.gask.AnswerControllerSpec.Test that the edit action returns the correct model(AnswerControllerSpec.groovy:80)
</error>

      </testcase>

      <testcase classname="fr.isima.gask.AnswerControllerSpec" name="Test the update action performs an update on a valid domain instance" time="0.129">
          <error message="No signature of method: fr.isima.gask.AnswerController.update() is applicable for argument types: (null) values: [null]&#xa;Possible solutions: update(), update(int), upVote(), upVote(int), create(), delete()" type="groovy.lang.MissingMethodException">groovy.lang.MissingMethodException: No signature of method: fr.isima.gask.AnswerController.update() is applicable for argument types: (null) values: [null]
Possible solutions: update(), update(int), upVote(), upVote(int), create(), delete()
	at fr.isima.gask.AnswerControllerSpec.Test the update action performs an update on a valid domain instance(AnswerControllerSpec.groovy:98)
</error>

      </testcase>

      <testcase classname="fr.isima.gask.AnswerControllerSpec" name="Test that the delete action deletes an instance if it exists" time="0.139">
          <error message="No signature of method: fr.isima.gask.AnswerController.delete() is applicable for argument types: (null) values: [null]&#xa;Possible solutions: delete(), delete(int), create(), get(), upVote(), update()" type="groovy.lang.MissingMethodException">groovy.lang.MissingMethodException: No signature of method: fr.isima.gask.AnswerController.delete() is applicable for argument types: (null) values: [null]
Possible solutions: delete(), delete(int), create(), get(), upVote(), update()
	at fr.isima.gask.AnswerControllerSpec.Test that the delete action deletes an instance if it exists(AnswerControllerSpec.groovy:130)
</error>

      </testcase>

      <system-out><![CDATA[--Output from Test the index action returns the correct model--
--Output from Test the create action returns the correct model--
--Output from Test the save action correctly persists an instance--
--Output from Test that the show action returns the correct model--
--Output from Test that the edit action returns the correct model--
--Output from Test the update action performs an update on a valid domain instance--
--Output from Test that the delete action deletes an instance if it exists--
]]></system-out>

      <system-err><![CDATA[--Output from Test the index action returns the correct model--
--Output from Test the create action returns the correct model--
--Output from Test the save action correctly persists an instance--
--Output from Test that the show action returns the correct model--
--Output from Test that the edit action returns the correct model--
--Output from Test the update action performs an update on a valid domain instance--
--Output from Test that the delete action deletes an instance if it exists--
]]></system-err>

  </testsuite>
  <testsuite errors="6" failures="1" hostname="zaini" id="1" name="BadgeCategoryControllerSpec" package="fr.isima.gask" tests="7" time="0.675" timestamp="2015-02-07T18:22:10">
      <properties />

      <testcase classname="fr.isima.gask.BadgeCategoryControllerSpec" name="Test the index action returns the correct model" time="0.299">
          <failure message="Condition not satisfied:&#xa;&#xa;model.badgeCategoryInstanceCount == 0&#xa;|     |                          |&#xa;[:]   null                       false&#xa;" type="junit.framework.AssertionFailedError">junit.framework.AssertionFailedError: Condition not satisfied:

model.badgeCategoryInstanceCount == 0
|     |                          |
[:]   null                       false

	at fr.isima.gask.BadgeCategoryControllerSpec.Test the index action returns the correct model(BadgeCategoryControllerSpec.groovy:25)
</failure>

      </testcase>

      <testcase classname="fr.isima.gask.BadgeCategoryControllerSpec" name="Test the create action returns the correct model" time="0.059">
          <error message="No signature of method: fr.isima.gask.BadgeCategoryController.create() is applicable for argument types: () values: []&#xa;Possible solutions: get(), grep(), chain(java.util.Map), get(int), raw(java.lang.Object), render(groovy.lang.Closure)" type="groovy.lang.MissingMethodException">groovy.lang.MissingMethodException: No signature of method: fr.isima.gask.BadgeCategoryController.create() is applicable for argument types: () values: []
Possible solutions: get(), grep(), chain(java.util.Map), get(int), raw(java.lang.Object), render(groovy.lang.Closure)
	at fr.isima.gask.BadgeCategoryControllerSpec.Test the create action returns the correct model(BadgeCategoryControllerSpec.groovy:30)
</error>

      </testcase>

      <testcase classname="fr.isima.gask.BadgeCategoryControllerSpec" name="Test the save action correctly persists an instance" time="0.032">
          <error message="No signature of method: fr.isima.gask.BadgeCategoryController.save() is applicable for argument types: (fr.isima.gask.BadgeCategory) values: [fr.isima.gask.BadgeCategory : (unsaved)]&#xa;Possible solutions: wait(), any(), wait(long), raw(java.lang.Object), each(groovy.lang.Closure), any(groovy.lang.Closure)" type="groovy.lang.MissingMethodException">groovy.lang.MissingMethodException: No signature of method: fr.isima.gask.BadgeCategoryController.save() is applicable for argument types: (fr.isima.gask.BadgeCategory) values: [fr.isima.gask.BadgeCategory : (unsaved)]
Possible solutions: wait(), any(), wait(long), raw(java.lang.Object), each(groovy.lang.Closure), any(groovy.lang.Closure)
	at fr.isima.gask.BadgeCategoryControllerSpec.Test the save action correctly persists an instance(BadgeCategoryControllerSpec.groovy:43)
</error>

      </testcase>

      <testcase classname="fr.isima.gask.BadgeCategoryControllerSpec" name="Test that the show action returns the correct model" time="0.03">
          <error message="No signature of method: fr.isima.gask.BadgeCategoryController.show() is applicable for argument types: (null) values: [null]&#xa;Possible solutions: raw(java.lang.Object), wait(), get(), any(), dump(), find()" type="groovy.lang.MissingMethodException">groovy.lang.MissingMethodException: No signature of method: fr.isima.gask.BadgeCategoryController.show() is applicable for argument types: (null) values: [null]
Possible solutions: raw(java.lang.Object), wait(), get(), any(), dump(), find()
	at fr.isima.gask.BadgeCategoryControllerSpec.Test that the show action returns the correct model(BadgeCategoryControllerSpec.groovy:64)
</error>

      </testcase>

      <testcase classname="fr.isima.gask.BadgeCategoryControllerSpec" name="Test that the edit action returns the correct model" time="0.026">
          <error message="No signature of method: fr.isima.gask.BadgeCategoryController.edit() is applicable for argument types: (null) values: [null]&#xa;Possible solutions: wait(), wait(long), get(), wait(long, int), get(int), each(groovy.lang.Closure)" type="groovy.lang.MissingMethodException">groovy.lang.MissingMethodException: No signature of method: fr.isima.gask.BadgeCategoryController.edit() is applicable for argument types: (null) values: [null]
Possible solutions: wait(), wait(long), get(), wait(long, int), get(int), each(groovy.lang.Closure)
	at fr.isima.gask.BadgeCategoryControllerSpec.Test that the edit action returns the correct model(BadgeCategoryControllerSpec.groovy:80)
</error>

      </testcase>

      <testcase classname="fr.isima.gask.BadgeCategoryControllerSpec" name="Test the update action performs an update on a valid domain instance" time="0.085">
          <error message="No signature of method: fr.isima.gask.BadgeCategoryController.update() is applicable for argument types: (null) values: [null]&#xa;Possible solutions: get(), use([Ljava.lang.Object;), split(groovy.lang.Closure), putAt(java.lang.String, java.lang.Object), isCase(java.lang.Object)" type="groovy.lang.MissingMethodException">groovy.lang.MissingMethodException: No signature of method: fr.isima.gask.BadgeCategoryController.update() is applicable for argument types: (null) values: [null]
Possible solutions: get(), use([Ljava.lang.Object;), split(groovy.lang.Closure), putAt(java.lang.String, java.lang.Object), isCase(java.lang.Object)
	at fr.isima.gask.BadgeCategoryControllerSpec.Test the update action performs an update on a valid domain instance(BadgeCategoryControllerSpec.groovy:98)
</error>

      </testcase>

      <testcase classname="fr.isima.gask.BadgeCategoryControllerSpec" name="Test that the delete action deletes an instance if it exists" time="0.117">
          <error message="No signature of method: fr.isima.gask.BadgeCategoryController.delete() is applicable for argument types: (null) values: [null]&#xa;Possible solutions: get(), every(), sleep(long), get(int), getAt(java.lang.String), split(groovy.lang.Closure)" type="groovy.lang.MissingMethodException">groovy.lang.MissingMethodException: No signature of method: fr.isima.gask.BadgeCategoryController.delete() is applicable for argument types: (null) values: [null]
Possible solutions: get(), every(), sleep(long), get(int), getAt(java.lang.String), split(groovy.lang.Closure)
	at fr.isima.gask.BadgeCategoryControllerSpec.Test that the delete action deletes an instance if it exists(BadgeCategoryControllerSpec.groovy:130)
</error>

      </testcase>

      <system-out><![CDATA[--Output from Test the index action returns the correct model--
--Output from Test the create action returns the correct model--
--Output from Test the save action correctly persists an instance--
--Output from Test that the show action returns the correct model--
--Output from Test that the edit action returns the correct model--
--Output from Test the update action performs an update on a valid domain instance--
--Output from Test that the delete action deletes an instance if it exists--
]]></system-out>

      <system-err><![CDATA[--Output from Test the index action returns the correct model--
--Output from Test the create action returns the correct model--
--Output from Test the save action correctly persists an instance--
--Output from Test that the show action returns the correct model--
--Output from Test that the edit action returns the correct model--
--Output from Test the update action performs an update on a valid domain instance--
--Output from Test that the delete action deletes an instance if it exists--
]]></system-err>

  </testsuite>
  <testsuite errors="6" failures="1" hostname="zaini" id="2" name="BadgeControllerSpec" package="fr.isima.gask" tests="7" time="11.332" timestamp="2015-02-07T18:21:49">
      <properties />

      <testcase classname="fr.isima.gask.BadgeControllerSpec" name="Test the index action returns the correct model" time="10.083">
          <failure message="Condition not satisfied:&#xa;&#xa;model.badgeInstanceCount == 0&#xa;|     |                  |&#xa;[:]   null               false&#xa;" type="junit.framework.AssertionFailedError">junit.framework.AssertionFailedError: Condition not satisfied:

model.badgeInstanceCount == 0
|     |                  |
[:]   null               false

	at fr.isima.gask.BadgeControllerSpec.Test the index action returns the correct model(BadgeControllerSpec.groovy:25)
</failure>

      </testcase>

      <testcase classname="fr.isima.gask.BadgeControllerSpec" name="Test the create action returns the correct model" time="0.768">
          <error message="No signature of method: fr.isima.gask.BadgeController.create() is applicable for argument types: () values: []&#xa;Possible solutions: get(), grep(), chain(java.util.Map), get(int), raw(java.lang.Object), render(groovy.lang.Closure)" type="groovy.lang.MissingMethodException">groovy.lang.MissingMethodException: No signature of method: fr.isima.gask.BadgeController.create() is applicable for argument types: () values: []
Possible solutions: get(), grep(), chain(java.util.Map), get(int), raw(java.lang.Object), render(groovy.lang.Closure)
	at fr.isima.gask.BadgeControllerSpec.Test the create action returns the correct model(BadgeControllerSpec.groovy:30)
</error>

      </testcase>

      <testcase classname="fr.isima.gask.BadgeControllerSpec" name="Test the save action correctly persists an instance" time="0.118">
          <error message="No signature of method: fr.isima.gask.BadgeController.save() is applicable for argument types: (fr.isima.gask.Badge) values: [fr.isima.gask.Badge : (unsaved)]&#xa;Possible solutions: wait(), any(), wait(long), raw(java.lang.Object), each(groovy.lang.Closure), any(groovy.lang.Closure)" type="groovy.lang.MissingMethodException">groovy.lang.MissingMethodException: No signature of method: fr.isima.gask.BadgeController.save() is applicable for argument types: (fr.isima.gask.Badge) values: [fr.isima.gask.Badge : (unsaved)]
Possible solutions: wait(), any(), wait(long), raw(java.lang.Object), each(groovy.lang.Closure), any(groovy.lang.Closure)
	at fr.isima.gask.BadgeControllerSpec.Test the save action correctly persists an instance(BadgeControllerSpec.groovy:43)
</error>

      </testcase>

      <testcase classname="fr.isima.gask.BadgeControllerSpec" name="Test that the show action returns the correct model" time="0.099">
          <error message="No signature of method: fr.isima.gask.BadgeController.show() is applicable for argument types: (null) values: [null]&#xa;Possible solutions: raw(java.lang.Object), wait(), get(), any(), dump(), find()" type="groovy.lang.MissingMethodException">groovy.lang.MissingMethodException: No signature of method: fr.isima.gask.BadgeController.show() is applicable for argument types: (null) values: [null]
Possible solutions: raw(java.lang.Object), wait(), get(), any(), dump(), find()
	at fr.isima.gask.BadgeControllerSpec.Test that the show action returns the correct model(BadgeControllerSpec.groovy:64)
</error>

      </testcase>

      <testcase classname="fr.isima.gask.BadgeControllerSpec" name="Test that the edit action returns the correct model" time="0.074">
          <error message="No signature of method: fr.isima.gask.BadgeController.edit() is applicable for argument types: (null) values: [null]&#xa;Possible solutions: wait(), wait(long), get(), wait(long, int), get(int), each(groovy.lang.Closure)" type="groovy.lang.MissingMethodException">groovy.lang.MissingMethodException: No signature of method: fr.isima.gask.BadgeController.edit() is applicable for argument types: (null) values: [null]
Possible solutions: wait(), wait(long), get(), wait(long, int), get(int), each(groovy.lang.Closure)
	at fr.isima.gask.BadgeControllerSpec.Test that the edit action returns the correct model(BadgeControllerSpec.groovy:80)
</error>

      </testcase>

      <testcase classname="fr.isima.gask.BadgeControllerSpec" name="Test the update action performs an update on a valid domain instance" time="0.048">
          <error message="No signature of method: fr.isima.gask.BadgeController.update() is applicable for argument types: (null) values: [null]&#xa;Possible solutions: get(), use([Ljava.lang.Object;), split(groovy.lang.Closure), putAt(java.lang.String, java.lang.Object), isCase(java.lang.Object)" type="groovy.lang.MissingMethodException">groovy.lang.MissingMethodException: No signature of method: fr.isima.gask.BadgeController.update() is applicable for argument types: (null) values: [null]
Possible solutions: get(), use([Ljava.lang.Object;), split(groovy.lang.Closure), putAt(java.lang.String, java.lang.Object), isCase(java.lang.Object)
	at fr.isima.gask.BadgeControllerSpec.Test the update action performs an update on a valid domain instance(BadgeControllerSpec.groovy:98)
</error>

      </testcase>

      <testcase classname="fr.isima.gask.BadgeControllerSpec" name="Test that the delete action deletes an instance if it exists" time="0.046">
          <error message="No signature of method: fr.isima.gask.BadgeController.delete() is applicable for argument types: (null) values: [null]&#xa;Possible solutions: get(), every(), sleep(long), get(int), getAt(java.lang.String), split(groovy.lang.Closure)" type="groovy.lang.MissingMethodException">groovy.lang.MissingMethodException: No signature of method: fr.isima.gask.BadgeController.delete() is applicable for argument types: (null) values: [null]
Possible solutions: get(), every(), sleep(long), get(int), getAt(java.lang.String), split(groovy.lang.Closure)
	at fr.isima.gask.BadgeControllerSpec.Test that the delete action deletes an instance if it exists(BadgeControllerSpec.groovy:130)
</error>

      </testcase>

      <system-out><![CDATA[--Output from Test the index action returns the correct model--
--Output from Test the create action returns the correct model--
--Output from Test the save action correctly persists an instance--
--Output from Test that the show action returns the correct model--
--Output from Test that the edit action returns the correct model--
--Output from Test the update action performs an update on a valid domain instance--
--Output from Test that the delete action deletes an instance if it exists--
]]></system-out>

      <system-err><![CDATA[--Output from Test the index action returns the correct model--
--Output from Test the create action returns the correct model--
--Output from Test the save action correctly persists an instance--
--Output from Test that the show action returns the correct model--
--Output from Test that the edit action returns the correct model--
--Output from Test the update action performs an update on a valid domain instance--
--Output from Test that the delete action deletes an instance if it exists--
]]></system-err>

  </testsuite>
  <testsuite errors="5" failures="2" hostname="zaini" id="3" name="CommentControllerSpec" package="fr.isima.gask" tests="7" time="0.785" timestamp="2015-02-07T18:22:05">
      <properties />

      <testcase classname="fr.isima.gask.CommentControllerSpec" name="Test the index action returns the correct model" time="0.32">
          <failure message="Condition not satisfied:&#xa;&#xa;model.commentInstanceCount == 0&#xa;|     |                    |&#xa;[:]   null                 false&#xa;" type="junit.framework.AssertionFailedError">junit.framework.AssertionFailedError: Condition not satisfied:

model.commentInstanceCount == 0
|     |                    |
[:]   null                 false

	at fr.isima.gask.CommentControllerSpec.Test the index action returns the correct model(CommentControllerSpec.groovy:25)
</failure>

      </testcase>

      <testcase classname="fr.isima.gask.CommentControllerSpec" name="Test the create action returns the correct model" time="0.07">
          <failure message="Condition not satisfied:&#xa;&#xa;model.commentInstance!= null&#xa;|     |              |&#xa;[:]   null           false&#xa;" type="junit.framework.AssertionFailedError">junit.framework.AssertionFailedError: Condition not satisfied:

model.commentInstance!= null
|     |              |
[:]   null           false

	at fr.isima.gask.CommentControllerSpec.Test the create action returns the correct model(CommentControllerSpec.groovy:33)
</failure>

      </testcase>

      <testcase classname="fr.isima.gask.CommentControllerSpec" name="Test the save action correctly persists an instance" time="0.079">
          <error message="No signature of method: fr.isima.gask.CommentController.save() is applicable for argument types: (fr.isima.gask.Comment) values: [fr.isima.gask.Comment : (unsaved)]&#xa;Possible solutions: wait(), hide(), any(), wait(long), hide(int), raw(java.lang.Object)" type="groovy.lang.MissingMethodException">groovy.lang.MissingMethodException: No signature of method: fr.isima.gask.CommentController.save() is applicable for argument types: (fr.isima.gask.Comment) values: [fr.isima.gask.Comment : (unsaved)]
Possible solutions: wait(), hide(), any(), wait(long), hide(int), raw(java.lang.Object)
	at fr.isima.gask.CommentControllerSpec.Test the save action correctly persists an instance(CommentControllerSpec.groovy:43)
</error>

      </testcase>

      <testcase classname="fr.isima.gask.CommentControllerSpec" name="Test that the show action returns the correct model" time="0.093">
          <error message="No signature of method: fr.isima.gask.CommentController.show() is applicable for argument types: (null) values: [null]&#xa;Possible solutions: raw(java.lang.Object), wait(), get(), hide(), any(), dump()" type="groovy.lang.MissingMethodException">groovy.lang.MissingMethodException: No signature of method: fr.isima.gask.CommentController.show() is applicable for argument types: (null) values: [null]
Possible solutions: raw(java.lang.Object), wait(), get(), hide(), any(), dump()
	at fr.isima.gask.CommentControllerSpec.Test that the show action returns the correct model(CommentControllerSpec.groovy:64)
</error>

      </testcase>

      <testcase classname="fr.isima.gask.CommentControllerSpec" name="Test that the edit action returns the correct model" time="0.069">
          <error message="No signature of method: fr.isima.gask.CommentController.edit() is applicable for argument types: (null) values: [null]&#xa;Possible solutions: wait(), hide(), wait(long), get(), hide(int), delete()" type="groovy.lang.MissingMethodException">groovy.lang.MissingMethodException: No signature of method: fr.isima.gask.CommentController.edit() is applicable for argument types: (null) values: [null]
Possible solutions: wait(), hide(), wait(long), get(), hide(int), delete()
	at fr.isima.gask.CommentControllerSpec.Test that the edit action returns the correct model(CommentControllerSpec.groovy:80)
</error>

      </testcase>

      <testcase classname="fr.isima.gask.CommentControllerSpec" name="Test the update action performs an update on a valid domain instance" time="0.063">
          <error message="No signature of method: fr.isima.gask.CommentController.update() is applicable for argument types: (null) values: [null]&#xa;Possible solutions: update(), update(int), upVote(), upVote(int), create(), delete()" type="groovy.lang.MissingMethodException">groovy.lang.MissingMethodException: No signature of method: fr.isima.gask.CommentController.update() is applicable for argument types: (null) values: [null]
Possible solutions: update(), update(int), upVote(), upVote(int), create(), delete()
	at fr.isima.gask.CommentControllerSpec.Test the update action performs an update on a valid domain instance(CommentControllerSpec.groovy:98)
</error>

      </testcase>

      <testcase classname="fr.isima.gask.CommentControllerSpec" name="Test that the delete action deletes an instance if it exists" time="0.029">
          <error message="No signature of method: fr.isima.gask.CommentController.delete() is applicable for argument types: (null) values: [null]&#xa;Possible solutions: delete(), delete(int), create(), get(), upVote(), update()" type="groovy.lang.MissingMethodException">groovy.lang.MissingMethodException: No signature of method: fr.isima.gask.CommentController.delete() is applicable for argument types: (null) values: [null]
Possible solutions: delete(), delete(int), create(), get(), upVote(), update()
	at fr.isima.gask.CommentControllerSpec.Test that the delete action deletes an instance if it exists(CommentControllerSpec.groovy:130)
</error>

      </testcase>

      <system-out><![CDATA[--Output from Test the index action returns the correct model--
--Output from Test the create action returns the correct model--
--Output from Test the save action correctly persists an instance--
--Output from Test that the show action returns the correct model--
--Output from Test that the edit action returns the correct model--
--Output from Test the update action performs an update on a valid domain instance--
--Output from Test that the delete action deletes an instance if it exists--
]]></system-out>

      <system-err><![CDATA[--Output from Test the index action returns the correct model--
--Output from Test the create action returns the correct model--
--Output from Test the save action correctly persists an instance--
--Output from Test that the show action returns the correct model--
--Output from Test that the edit action returns the correct model--
--Output from Test the update action performs an update on a valid domain instance--
--Output from Test that the delete action deletes an instance if it exists--
]]></system-err>

  </testsuite>
  <testsuite errors="6" failures="1" hostname="zaini" id="4" name="NotificationControllerSpec" package="fr.isima.gask" tests="7" time="0.739" timestamp="2015-02-07T18:22:04">
      <properties />

      <testcase classname="fr.isima.gask.NotificationControllerSpec" name="Test the index action returns the correct model" time="0.378">
          <failure message="Condition not satisfied:&#xa;&#xa;model.notificationInstanceCount == 0&#xa;|     |                         |&#xa;[:]   null                      false&#xa;" type="junit.framework.AssertionFailedError">junit.framework.AssertionFailedError: Condition not satisfied:

model.notificationInstanceCount == 0
|     |                         |
[:]   null                      false

	at fr.isima.gask.NotificationControllerSpec.Test the index action returns the correct model(NotificationControllerSpec.groovy:25)
</failure>

      </testcase>

      <testcase classname="fr.isima.gask.NotificationControllerSpec" name="Test the create action returns the correct model" time="0.04">
          <error message="No signature of method: fr.isima.gask.NotificationController.create() is applicable for argument types: () values: []&#xa;Possible solutions: grep(), chain(java.util.Map), raw(java.lang.Object), render(groovy.lang.Closure), render(java.lang.CharSequence), render(java.lang.Object)" type="groovy.lang.MissingMethodException">groovy.lang.MissingMethodException: No signature of method: fr.isima.gask.NotificationController.create() is applicable for argument types: () values: []
Possible solutions: grep(), chain(java.util.Map), raw(java.lang.Object), render(groovy.lang.Closure), render(java.lang.CharSequence), render(java.lang.Object)
	at fr.isima.gask.NotificationControllerSpec.Test the create action returns the correct model(NotificationControllerSpec.groovy:30)
</error>

      </testcase>

      <testcase classname="fr.isima.gask.NotificationControllerSpec" name="Test the save action correctly persists an instance" time="0.038">
          <error message="No signature of method: fr.isima.gask.NotificationController.save() is applicable for argument types: (fr.isima.gask.Notification) values: [fr.isima.gask.Notification : (unsaved)]&#xa;Possible solutions: wait(), any(), wait(long), raw(java.lang.Object), each(groovy.lang.Closure), any(groovy.lang.Closure)" type="groovy.lang.MissingMethodException">groovy.lang.MissingMethodException: No signature of method: fr.isima.gask.NotificationController.save() is applicable for argument types: (fr.isima.gask.Notification) values: [fr.isima.gask.Notification : (unsaved)]
Possible solutions: wait(), any(), wait(long), raw(java.lang.Object), each(groovy.lang.Closure), any(groovy.lang.Closure)
	at fr.isima.gask.NotificationControllerSpec.Test the save action correctly persists an instance(NotificationControllerSpec.groovy:43)
</error>

      </testcase>

      <testcase classname="fr.isima.gask.NotificationControllerSpec" name="Test that the show action returns the correct model" time="0.034">
          <error message="No signature of method: fr.isima.gask.NotificationController.show() is applicable for argument types: (null) values: [null]&#xa;Possible solutions: raw(java.lang.Object), wait(), any(), dump(), find(), grep()" type="groovy.lang.MissingMethodException">groovy.lang.MissingMethodException: No signature of method: fr.isima.gask.NotificationController.show() is applicable for argument types: (null) values: [null]
Possible solutions: raw(java.lang.Object), wait(), any(), dump(), find(), grep()
	at fr.isima.gask.NotificationControllerSpec.Test that the show action returns the correct model(NotificationControllerSpec.groovy:64)
</error>

      </testcase>

      <testcase classname="fr.isima.gask.NotificationControllerSpec" name="Test that the edit action returns the correct model" time="0.031">
          <error message="No signature of method: fr.isima.gask.NotificationController.edit() is applicable for argument types: (null) values: [null]&#xa;Possible solutions: wait(), wait(long), wait(long, int), each(groovy.lang.Closure), getAt(java.lang.String), print(java.io.PrintWriter)" type="groovy.lang.MissingMethodException">groovy.lang.MissingMethodException: No signature of method: fr.isima.gask.NotificationController.edit() is applicable for argument types: (null) values: [null]
Possible solutions: wait(), wait(long), wait(long, int), each(groovy.lang.Closure), getAt(java.lang.String), print(java.io.PrintWriter)
	at fr.isima.gask.NotificationControllerSpec.Test that the edit action returns the correct model(NotificationControllerSpec.groovy:80)
</error>

      </testcase>

      <testcase classname="fr.isima.gask.NotificationControllerSpec" name="Test the update action performs an update on a valid domain instance" time="0.036">
          <error message="No signature of method: fr.isima.gask.NotificationController.update() is applicable for argument types: (null) values: [null]&#xa;Possible solutions: use([Ljava.lang.Object;), split(groovy.lang.Closure), putAt(java.lang.String, java.lang.Object), isCase(java.lang.Object)" type="groovy.lang.MissingMethodException">groovy.lang.MissingMethodException: No signature of method: fr.isima.gask.NotificationController.update() is applicable for argument types: (null) values: [null]
Possible solutions: use([Ljava.lang.Object;), split(groovy.lang.Closure), putAt(java.lang.String, java.lang.Object), isCase(java.lang.Object)
	at fr.isima.gask.NotificationControllerSpec.Test the update action performs an update on a valid domain instance(NotificationControllerSpec.groovy:98)
</error>

      </testcase>

      <testcase classname="fr.isima.gask.NotificationControllerSpec" name="Test that the delete action deletes an instance if it exists" time="0.045">
          <error message="No signature of method: fr.isima.gask.NotificationController.delete() is applicable for argument types: (null) values: [null]&#xa;Possible solutions: every(), sleep(long), getAt(java.lang.String), split(groovy.lang.Closure), every(groovy.lang.Closure)" type="groovy.lang.MissingMethodException">groovy.lang.MissingMethodException: No signature of method: fr.isima.gask.NotificationController.delete() is applicable for argument types: (null) values: [null]
Possible solutions: every(), sleep(long), getAt(java.lang.String), split(groovy.lang.Closure), every(groovy.lang.Closure)
	at fr.isima.gask.NotificationControllerSpec.Test that the delete action deletes an instance if it exists(NotificationControllerSpec.groovy:130)
</error>

      </testcase>

      <system-out><![CDATA[--Output from Test the index action returns the correct model--
--Output from Test the create action returns the correct model--
--Output from Test the save action correctly persists an instance--
--Output from Test that the show action returns the correct model--
--Output from Test that the edit action returns the correct model--
--Output from Test the update action performs an update on a valid domain instance--
--Output from Test that the delete action deletes an instance if it exists--
]]></system-out>

      <system-err><![CDATA[--Output from Test the index action returns the correct model--
--Output from Test the create action returns the correct model--
--Output from Test the save action correctly persists an instance--
--Output from Test that the show action returns the correct model--
--Output from Test that the edit action returns the correct model--
--Output from Test the update action performs an update on a valid domain instance--
--Output from Test that the delete action deletes an instance if it exists--
]]></system-err>

  </testsuite>
  <testsuite errors="5" failures="2" hostname="zaini" id="5" name="PageControllerSpec" package="fr.isima.gask" tests="7" time="0.596" timestamp="2015-02-07T18:22:05">
      <properties />

      <testcase classname="fr.isima.gask.PageControllerSpec" name="Test the index action returns the correct model" time="0.37">
          <failure message="Condition not satisfied:&#xa;&#xa;model.pageInstanceCount == 0&#xa;|     |                 |&#xa;[:]   null              false&#xa;" type="junit.framework.AssertionFailedError">junit.framework.AssertionFailedError: Condition not satisfied:

model.pageInstanceCount == 0
|     |                 |
[:]   null              false

	at fr.isima.gask.PageControllerSpec.Test the index action returns the correct model(PageControllerSpec.groovy:25)
</failure>

      </testcase>

      <testcase classname="fr.isima.gask.PageControllerSpec" name="Test the create action returns the correct model" time="0.024">
          <failure message="Condition not satisfied:&#xa;&#xa;model.pageInstance!= null&#xa;|     |           |&#xa;[:]   null        false&#xa;" type="junit.framework.AssertionFailedError">junit.framework.AssertionFailedError: Condition not satisfied:

model.pageInstance!= null
|     |           |
[:]   null        false

	at fr.isima.gask.PageControllerSpec.Test the create action returns the correct model(PageControllerSpec.groovy:33)
</failure>

      </testcase>

      <testcase classname="fr.isima.gask.PageControllerSpec" name="Test the save action correctly persists an instance" time="0.053">
          <error message="No signature of method: fr.isima.gask.PageController.save() is applicable for argument types: (fr.isima.gask.Page) values: [fr.isima.gask.Page : (unsaved)]&#xa;Possible solutions: wait(), any(), wait(long), raw(java.lang.Object), each(groovy.lang.Closure), any(groovy.lang.Closure)" type="groovy.lang.MissingMethodException">groovy.lang.MissingMethodException: No signature of method: fr.isima.gask.PageController.save() is applicable for argument types: (fr.isima.gask.Page) values: [fr.isima.gask.Page : (unsaved)]
Possible solutions: wait(), any(), wait(long), raw(java.lang.Object), each(groovy.lang.Closure), any(groovy.lang.Closure)
	at fr.isima.gask.PageControllerSpec.Test the save action correctly persists an instance(PageControllerSpec.groovy:43)
</error>

      </testcase>

      <testcase classname="fr.isima.gask.PageControllerSpec" name="Test that the show action returns the correct model" time="0.029">
          <error message="No signature of method: fr.isima.gask.PageController.show() is applicable for argument types: (null) values: [null]&#xa;Possible solutions: raw(java.lang.Object), wait(), get(), any(), dump(), find()" type="groovy.lang.MissingMethodException">groovy.lang.MissingMethodException: No signature of method: fr.isima.gask.PageController.show() is applicable for argument types: (null) values: [null]
Possible solutions: raw(java.lang.Object), wait(), get(), any(), dump(), find()
	at fr.isima.gask.PageControllerSpec.Test that the show action returns the correct model(PageControllerSpec.groovy:64)
</error>

      </testcase>

      <testcase classname="fr.isima.gask.PageControllerSpec" name="Test that the edit action returns the correct model" time="0.025">
          <error message="No signature of method: fr.isima.gask.PageController.edit() is applicable for argument types: (null) values: [null]&#xa;Possible solutions: wait(), wait(long), get(), delete(), wait(long, int), get(int)" type="groovy.lang.MissingMethodException">groovy.lang.MissingMethodException: No signature of method: fr.isima.gask.PageController.edit() is applicable for argument types: (null) values: [null]
Possible solutions: wait(), wait(long), get(), delete(), wait(long, int), get(int)
	at fr.isima.gask.PageControllerSpec.Test that the edit action returns the correct model(PageControllerSpec.groovy:80)
</error>

      </testcase>

      <testcase classname="fr.isima.gask.PageControllerSpec" name="Test the update action performs an update on a valid domain instance" time="0.032">
          <error message="No signature of method: fr.isima.gask.PageController.update() is applicable for argument types: (null) values: [null]&#xa;Possible solutions: update(), update(int), create(), delete(), get(), delete(int)" type="groovy.lang.MissingMethodException">groovy.lang.MissingMethodException: No signature of method: fr.isima.gask.PageController.update() is applicable for argument types: (null) values: [null]
Possible solutions: update(), update(int), create(), delete(), get(), delete(int)
	at fr.isima.gask.PageControllerSpec.Test the update action performs an update on a valid domain instance(PageControllerSpec.groovy:98)
</error>

      </testcase>

      <testcase classname="fr.isima.gask.PageControllerSpec" name="Test that the delete action deletes an instance if it exists" time="0.027">
          <error message="No signature of method: fr.isima.gask.PageController.delete() is applicable for argument types: (null) values: [null]&#xa;Possible solutions: delete(), delete(int), create(), get(), update(), every()" type="groovy.lang.MissingMethodException">groovy.lang.MissingMethodException: No signature of method: fr.isima.gask.PageController.delete() is applicable for argument types: (null) values: [null]
Possible solutions: delete(), delete(int), create(), get(), update(), every()
	at fr.isima.gask.PageControllerSpec.Test that the delete action deletes an instance if it exists(PageControllerSpec.groovy:130)
</error>

      </testcase>

      <system-out><![CDATA[--Output from Test the index action returns the correct model--
--Output from Test the create action returns the correct model--
--Output from Test the save action correctly persists an instance--
--Output from Test that the show action returns the correct model--
--Output from Test that the edit action returns the correct model--
--Output from Test the update action performs an update on a valid domain instance--
--Output from Test that the delete action deletes an instance if it exists--
]]></system-out>

      <system-err><![CDATA[--Output from Test the index action returns the correct model--
--Output from Test the create action returns the correct model--
--Output from Test the save action correctly persists an instance--
--Output from Test that the show action returns the correct model--
--Output from Test that the edit action returns the correct model--
--Output from Test the update action performs an update on a valid domain instance--
--Output from Test that the delete action deletes an instance if it exists--
]]></system-err>

  </testsuite>
  <testsuite errors="6" failures="1" hostname="zaini" id="6" name="PrivilegeCategoryControllerSpec" package="fr.isima.gask" tests="7" time="0.574" timestamp="2015-02-07T18:22:10">
      <properties />

      <testcase classname="fr.isima.gask.PrivilegeCategoryControllerSpec" name="Test the index action returns the correct model" time="0.33">
          <failure message="Condition not satisfied:&#xa;&#xa;model.privilegeCategoryInstanceCount == 0&#xa;|     |                              |&#xa;[:]   null                           false&#xa;" type="junit.framework.AssertionFailedError">junit.framework.AssertionFailedError: Condition not satisfied:

model.privilegeCategoryInstanceCount == 0
|     |                              |
[:]   null                           false

	at fr.isima.gask.PrivilegeCategoryControllerSpec.Test the index action returns the correct model(PrivilegeCategoryControllerSpec.groovy:25)
</failure>

      </testcase>

      <testcase classname="fr.isima.gask.PrivilegeCategoryControllerSpec" name="Test the create action returns the correct model" time="0.037">
          <error message="No signature of method: fr.isima.gask.PrivilegeCategoryController.create() is applicable for argument types: () values: []&#xa;Possible solutions: get(), grep(), chain(java.util.Map), get(int), raw(java.lang.Object), render(groovy.lang.Closure)" type="groovy.lang.MissingMethodException">groovy.lang.MissingMethodException: No signature of method: fr.isima.gask.PrivilegeCategoryController.create() is applicable for argument types: () values: []
Possible solutions: get(), grep(), chain(java.util.Map), get(int), raw(java.lang.Object), render(groovy.lang.Closure)
	at fr.isima.gask.PrivilegeCategoryControllerSpec.Test the create action returns the correct model(PrivilegeCategoryControllerSpec.groovy:30)
</error>

      </testcase>

      <testcase classname="fr.isima.gask.PrivilegeCategoryControllerSpec" name="Test the save action correctly persists an instance" time="0.04">
          <error message="No signature of method: fr.isima.gask.PrivilegeCategoryController.save() is applicable for argument types: (fr.isima.gask.PrivilegeCategory) values: [fr.isima.gask.PrivilegeCategory : (unsaved)]&#xa;Possible solutions: wait(), any(), wait(long), raw(java.lang.Object), each(groovy.lang.Closure), any(groovy.lang.Closure)" type="groovy.lang.MissingMethodException">groovy.lang.MissingMethodException: No signature of method: fr.isima.gask.PrivilegeCategoryController.save() is applicable for argument types: (fr.isima.gask.PrivilegeCategory) values: [fr.isima.gask.PrivilegeCategory : (unsaved)]
Possible solutions: wait(), any(), wait(long), raw(java.lang.Object), each(groovy.lang.Closure), any(groovy.lang.Closure)
	at fr.isima.gask.PrivilegeCategoryControllerSpec.Test the save action correctly persists an instance(PrivilegeCategoryControllerSpec.groovy:43)
</error>

      </testcase>

      <testcase classname="fr.isima.gask.PrivilegeCategoryControllerSpec" name="Test that the show action returns the correct model" time="0.03">
          <error message="No signature of method: fr.isima.gask.PrivilegeCategoryController.show() is applicable for argument types: (null) values: [null]&#xa;Possible solutions: raw(java.lang.Object), wait(), get(), any(), dump(), find()" type="groovy.lang.MissingMethodException">groovy.lang.MissingMethodException: No signature of method: fr.isima.gask.PrivilegeCategoryController.show() is applicable for argument types: (null) values: [null]
Possible solutions: raw(java.lang.Object), wait(), get(), any(), dump(), find()
	at fr.isima.gask.PrivilegeCategoryControllerSpec.Test that the show action returns the correct model(PrivilegeCategoryControllerSpec.groovy:64)
</error>

      </testcase>

      <testcase classname="fr.isima.gask.PrivilegeCategoryControllerSpec" name="Test that the edit action returns the correct model" time="0.027">
          <error message="No signature of method: fr.isima.gask.PrivilegeCategoryController.edit() is applicable for argument types: (null) values: [null]&#xa;Possible solutions: wait(), wait(long), get(), wait(long, int), get(int), each(groovy.lang.Closure)" type="groovy.lang.MissingMethodException">groovy.lang.MissingMethodException: No signature of method: fr.isima.gask.PrivilegeCategoryController.edit() is applicable for argument types: (null) values: [null]
Possible solutions: wait(), wait(long), get(), wait(long, int), get(int), each(groovy.lang.Closure)
	at fr.isima.gask.PrivilegeCategoryControllerSpec.Test that the edit action returns the correct model(PrivilegeCategoryControllerSpec.groovy:80)
</error>

      </testcase>

      <testcase classname="fr.isima.gask.PrivilegeCategoryControllerSpec" name="Test the update action performs an update on a valid domain instance" time="0.043">
          <error message="No signature of method: fr.isima.gask.PrivilegeCategoryController.update() is applicable for argument types: (null) values: [null]&#xa;Possible solutions: get(), use([Ljava.lang.Object;), split(groovy.lang.Closure), putAt(java.lang.String, java.lang.Object), isCase(java.lang.Object)" type="groovy.lang.MissingMethodException">groovy.lang.MissingMethodException: No signature of method: fr.isima.gask.PrivilegeCategoryController.update() is applicable for argument types: (null) values: [null]
Possible solutions: get(), use([Ljava.lang.Object;), split(groovy.lang.Closure), putAt(java.lang.String, java.lang.Object), isCase(java.lang.Object)
	at fr.isima.gask.PrivilegeCategoryControllerSpec.Test the update action performs an update on a valid domain instance(PrivilegeCategoryControllerSpec.groovy:98)
</error>

      </testcase>

      <testcase classname="fr.isima.gask.PrivilegeCategoryControllerSpec" name="Test that the delete action deletes an instance if it exists" time="0.028">
          <error message="No signature of method: fr.isima.gask.PrivilegeCategoryController.delete() is applicable for argument types: (null) values: [null]&#xa;Possible solutions: get(), every(), sleep(long), get(int), getAt(java.lang.String), split(groovy.lang.Closure)" type="groovy.lang.MissingMethodException">groovy.lang.MissingMethodException: No signature of method: fr.isima.gask.PrivilegeCategoryController.delete() is applicable for argument types: (null) values: [null]
Possible solutions: get(), every(), sleep(long), get(int), getAt(java.lang.String), split(groovy.lang.Closure)
	at fr.isima.gask.PrivilegeCategoryControllerSpec.Test that the delete action deletes an instance if it exists(PrivilegeCategoryControllerSpec.groovy:130)
</error>

      </testcase>

      <system-out><![CDATA[--Output from Test the index action returns the correct model--
--Output from Test the create action returns the correct model--
--Output from Test the save action correctly persists an instance--
--Output from Test that the show action returns the correct model--
--Output from Test that the edit action returns the correct model--
--Output from Test the update action performs an update on a valid domain instance--
--Output from Test that the delete action deletes an instance if it exists--
]]></system-out>

      <system-err><![CDATA[--Output from Test the index action returns the correct model--
--Output from Test the create action returns the correct model--
--Output from Test the save action correctly persists an instance--
--Output from Test that the show action returns the correct model--
--Output from Test that the edit action returns the correct model--
--Output from Test the update action performs an update on a valid domain instance--
--Output from Test that the delete action deletes an instance if it exists--
]]></system-err>

  </testsuite>
  <testsuite errors="6" failures="1" hostname="zaini" id="7" name="PrivilegeControllerSpec" package="fr.isima.gask" tests="7" time="1.058" timestamp="2015-02-07T18:22:02">
      <properties />

      <testcase classname="fr.isima.gask.PrivilegeControllerSpec" name="Test the index action returns the correct model" time="0.441">
          <failure message="Condition not satisfied:&#xa;&#xa;model.privilegeInstanceCount == 0&#xa;|     |                      |&#xa;[:]   null                   false&#xa;" type="junit.framework.AssertionFailedError">junit.framework.AssertionFailedError: Condition not satisfied:

model.privilegeInstanceCount == 0
|     |                      |
[:]   null                   false

	at fr.isima.gask.PrivilegeControllerSpec.Test the index action returns the correct model(PrivilegeControllerSpec.groovy:25)
</failure>

      </testcase>

      <testcase classname="fr.isima.gask.PrivilegeControllerSpec" name="Test the create action returns the correct model" time="0.099">
          <error message="No signature of method: fr.isima.gask.PrivilegeController.create() is applicable for argument types: () values: []&#xa;Possible solutions: update(), update(int), get(), grep(), chain(java.util.Map), get(int)" type="groovy.lang.MissingMethodException">groovy.lang.MissingMethodException: No signature of method: fr.isima.gask.PrivilegeController.create() is applicable for argument types: () values: []
Possible solutions: update(), update(int), get(), grep(), chain(java.util.Map), get(int)
	at fr.isima.gask.PrivilegeControllerSpec.Test the create action returns the correct model(PrivilegeControllerSpec.groovy:30)
</error>

      </testcase>

      <testcase classname="fr.isima.gask.PrivilegeControllerSpec" name="Test the save action correctly persists an instance" time="0.1">
          <error message="No signature of method: fr.isima.gask.PrivilegeController.save() is applicable for argument types: (fr.isima.gask.Privilege) values: [fr.isima.gask.Privilege : (unsaved)]&#xa;Possible solutions: wait(), any(), wait(long), raw(java.lang.Object), each(groovy.lang.Closure), any(groovy.lang.Closure)" type="groovy.lang.MissingMethodException">groovy.lang.MissingMethodException: No signature of method: fr.isima.gask.PrivilegeController.save() is applicable for argument types: (fr.isima.gask.Privilege) values: [fr.isima.gask.Privilege : (unsaved)]
Possible solutions: wait(), any(), wait(long), raw(java.lang.Object), each(groovy.lang.Closure), any(groovy.lang.Closure)
	at fr.isima.gask.PrivilegeControllerSpec.Test the save action correctly persists an instance(PrivilegeControllerSpec.groovy:43)
</error>

      </testcase>

      <testcase classname="fr.isima.gask.PrivilegeControllerSpec" name="Test that the show action returns the correct model" time="0.095">
          <error message="No signature of method: fr.isima.gask.PrivilegeController.show() is applicable for argument types: (null) values: [null]&#xa;Possible solutions: raw(java.lang.Object), wait(), get(), any(), dump(), find()" type="groovy.lang.MissingMethodException">groovy.lang.MissingMethodException: No signature of method: fr.isima.gask.PrivilegeController.show() is applicable for argument types: (null) values: [null]
Possible solutions: raw(java.lang.Object), wait(), get(), any(), dump(), find()
	at fr.isima.gask.PrivilegeControllerSpec.Test that the show action returns the correct model(PrivilegeControllerSpec.groovy:64)
</error>

      </testcase>

      <testcase classname="fr.isima.gask.PrivilegeControllerSpec" name="Test that the edit action returns the correct model" time="0.09">
          <error message="No signature of method: fr.isima.gask.PrivilegeController.edit() is applicable for argument types: (null) values: [null]&#xa;Possible solutions: wait(), wait(long), get(), wait(long, int), get(int), each(groovy.lang.Closure)" type="groovy.lang.MissingMethodException">groovy.lang.MissingMethodException: No signature of method: fr.isima.gask.PrivilegeController.edit() is applicable for argument types: (null) values: [null]
Possible solutions: wait(), wait(long), get(), wait(long, int), get(int), each(groovy.lang.Closure)
	at fr.isima.gask.PrivilegeControllerSpec.Test that the edit action returns the correct model(PrivilegeControllerSpec.groovy:80)
</error>

      </testcase>

      <testcase classname="fr.isima.gask.PrivilegeControllerSpec" name="Test the update action performs an update on a valid domain instance" time="0.071">
          <error message="No signature of method: fr.isima.gask.PrivilegeController.update() is applicable for argument types: (null) values: [null]&#xa;Possible solutions: update(), update(int), get(), use([Ljava.lang.Object;), split(groovy.lang.Closure), putAt(java.lang.String, java.lang.Object)" type="groovy.lang.MissingMethodException">groovy.lang.MissingMethodException: No signature of method: fr.isima.gask.PrivilegeController.update() is applicable for argument types: (null) values: [null]
Possible solutions: update(), update(int), get(), use([Ljava.lang.Object;), split(groovy.lang.Closure), putAt(java.lang.String, java.lang.Object)
	at fr.isima.gask.PrivilegeControllerSpec.Test the update action performs an update on a valid domain instance(PrivilegeControllerSpec.groovy:98)
</error>

      </testcase>

      <testcase classname="fr.isima.gask.PrivilegeControllerSpec" name="Test that the delete action deletes an instance if it exists" time="0.073">
          <error message="No signature of method: fr.isima.gask.PrivilegeController.delete() is applicable for argument types: (null) values: [null]&#xa;Possible solutions: get(), update(), every(), sleep(long), get(int), update(int)" type="groovy.lang.MissingMethodException">groovy.lang.MissingMethodException: No signature of method: fr.isima.gask.PrivilegeController.delete() is applicable for argument types: (null) values: [null]
Possible solutions: get(), update(), every(), sleep(long), get(int), update(int)
	at fr.isima.gask.PrivilegeControllerSpec.Test that the delete action deletes an instance if it exists(PrivilegeControllerSpec.groovy:130)
</error>

      </testcase>

      <system-out><![CDATA[--Output from Test the index action returns the correct model--
--Output from Test the create action returns the correct model--
--Output from Test the save action correctly persists an instance--
--Output from Test that the show action returns the correct model--
--Output from Test that the edit action returns the correct model--
--Output from Test the update action performs an update on a valid domain instance--
--Output from Test that the delete action deletes an instance if it exists--
]]></system-out>

      <system-err><![CDATA[--Output from Test the index action returns the correct model--
--Output from Test the create action returns the correct model--
--Output from Test the save action correctly persists an instance--
--Output from Test that the show action returns the correct model--
--Output from Test that the edit action returns the correct model--
--Output from Test the update action performs an update on a valid domain instance--
--Output from Test that the delete action deletes an instance if it exists--
]]></system-err>

  </testsuite>
  <testsuite errors="5" failures="2" hostname="zaini" id="8" name="QuestionControllerSpec" package="fr.isima.gask" tests="7" time="1.102" timestamp="2015-02-07T18:22:03">
      <properties />

      <testcase classname="fr.isima.gask.QuestionControllerSpec" name="Test the index action returns the correct model" time="0.537">
          <failure message="Condition not satisfied:&#xa;&#xa;model.questionInstanceCount == 0&#xa;|     |                     |&#xa;[:]   null                  false&#xa;" type="junit.framework.AssertionFailedError">junit.framework.AssertionFailedError: Condition not satisfied:

model.questionInstanceCount == 0
|     |                     |
[:]   null                  false

	at fr.isima.gask.QuestionControllerSpec.Test the index action returns the correct model(QuestionControllerSpec.groovy:25)
</failure>

      </testcase>

      <testcase classname="fr.isima.gask.QuestionControllerSpec" name="Test the create action returns the correct model" time="0.073">
          <failure message="Condition not satisfied:&#xa;&#xa;model.questionInstance!= null&#xa;|     |               |&#xa;[:]   null            false&#xa;" type="junit.framework.AssertionFailedError">junit.framework.AssertionFailedError: Condition not satisfied:

model.questionInstance!= null
|     |               |
[:]   null            false

	at fr.isima.gask.QuestionControllerSpec.Test the create action returns the correct model(QuestionControllerSpec.groovy:33)
</failure>

      </testcase>

      <testcase classname="fr.isima.gask.QuestionControllerSpec" name="Test the save action correctly persists an instance" time="0.122">
          <error message="No signature of method: fr.isima.gask.QuestionController.save() is applicable for argument types: (fr.isima.gask.Question) values: [fr.isima.gask.Question : (unsaved)]&#xa;Possible solutions: wait(), hide(), tags(), any(), wait(long), hide(int)" type="groovy.lang.MissingMethodException">groovy.lang.MissingMethodException: No signature of method: fr.isima.gask.QuestionController.save() is applicable for argument types: (fr.isima.gask.Question) values: [fr.isima.gask.Question : (unsaved)]
Possible solutions: wait(), hide(), tags(), any(), wait(long), hide(int)
	at fr.isima.gask.QuestionControllerSpec.Test the save action correctly persists an instance(QuestionControllerSpec.groovy:43)
</error>

      </testcase>

      <testcase classname="fr.isima.gask.QuestionControllerSpec" name="Test that the show action returns the correct model" time="0.074">
          <error message="No signature of method: fr.isima.gask.QuestionController.show() is applicable for argument types: (null) values: [null]&#xa;Possible solutions: raw(java.lang.Object), wait(), get(), hide(), tags(), any()" type="groovy.lang.MissingMethodException">groovy.lang.MissingMethodException: No signature of method: fr.isima.gask.QuestionController.show() is applicable for argument types: (null) values: [null]
Possible solutions: raw(java.lang.Object), wait(), get(), hide(), tags(), any()
	at fr.isima.gask.QuestionControllerSpec.Test that the show action returns the correct model(QuestionControllerSpec.groovy:64)
</error>

      </testcase>

      <testcase classname="fr.isima.gask.QuestionControllerSpec" name="Test that the edit action returns the correct model" time="0.075">
          <error message="No signature of method: fr.isima.gask.QuestionController.edit() is applicable for argument types: (null) values: [null]&#xa;Possible solutions: wait(), hide(), wait(long), get(), hide(int), delete()" type="groovy.lang.MissingMethodException">groovy.lang.MissingMethodException: No signature of method: fr.isima.gask.QuestionController.edit() is applicable for argument types: (null) values: [null]
Possible solutions: wait(), hide(), wait(long), get(), hide(int), delete()
	at fr.isima.gask.QuestionControllerSpec.Test that the edit action returns the correct model(QuestionControllerSpec.groovy:80)
</error>

      </testcase>

      <testcase classname="fr.isima.gask.QuestionControllerSpec" name="Test the update action performs an update on a valid domain instance" time="0.076">
          <error message="No signature of method: fr.isima.gask.QuestionController.update() is applicable for argument types: (null) values: [null]&#xa;Possible solutions: update(), update(int), upVote(), upVote(int), create(), delete()" type="groovy.lang.MissingMethodException">groovy.lang.MissingMethodException: No signature of method: fr.isima.gask.QuestionController.update() is applicable for argument types: (null) values: [null]
Possible solutions: update(), update(int), upVote(), upVote(int), create(), delete()
	at fr.isima.gask.QuestionControllerSpec.Test the update action performs an update on a valid domain instance(QuestionControllerSpec.groovy:98)
</error>

      </testcase>

      <testcase classname="fr.isima.gask.QuestionControllerSpec" name="Test that the delete action deletes an instance if it exists" time="0.073">
          <error message="No signature of method: fr.isima.gask.QuestionController.delete() is applicable for argument types: (null) values: [null]&#xa;Possible solutions: delete(), delete(int), create(), get(), upVote(), update()" type="groovy.lang.MissingMethodException">groovy.lang.MissingMethodException: No signature of method: fr.isima.gask.QuestionController.delete() is applicable for argument types: (null) values: [null]
Possible solutions: delete(), delete(int), create(), get(), upVote(), update()
	at fr.isima.gask.QuestionControllerSpec.Test that the delete action deletes an instance if it exists(QuestionControllerSpec.groovy:130)
</error>

      </testcase>

      <system-out><![CDATA[--Output from Test the index action returns the correct model--
--Output from Test the create action returns the correct model--
--Output from Test the save action correctly persists an instance--
--Output from Test that the show action returns the correct model--
--Output from Test that the edit action returns the correct model--
--Output from Test the update action performs an update on a valid domain instance--
--Output from Test that the delete action deletes an instance if it exists--
]]></system-out>

      <system-err><![CDATA[--Output from Test the index action returns the correct model--
--Output from Test the create action returns the correct model--
--Output from Test the save action correctly persists an instance--
--Output from Test that the show action returns the correct model--
--Output from Test that the edit action returns the correct model--
--Output from Test the update action performs an update on a valid domain instance--
--Output from Test that the delete action deletes an instance if it exists--
]]></system-err>

  </testsuite>
  <testsuite errors="5" failures="2" hostname="zaini" id="9" name="TagControllerSpec" package="fr.isima.gask" tests="7" time="1.521" timestamp="2015-02-07T18:22:07">
      <properties />

      <testcase classname="fr.isima.gask.TagControllerSpec" name="Test the index action returns the correct model" time="1.211">
          <failure message="Condition not satisfied:&#xa;&#xa;model.tagInstanceCount == 0&#xa;|     |                |&#xa;[:]   null             false&#xa;" type="junit.framework.AssertionFailedError">junit.framework.AssertionFailedError: Condition not satisfied:

model.tagInstanceCount == 0
|     |                |
[:]   null             false

	at fr.isima.gask.TagControllerSpec.Test the index action returns the correct model(TagControllerSpec.groovy:25)
</failure>

      </testcase>

      <testcase classname="fr.isima.gask.TagControllerSpec" name="Test the create action returns the correct model" time="0.026">
          <failure message="Condition not satisfied:&#xa;&#xa;model.tagInstance!= null&#xa;|     |          |&#xa;[:]   null       false&#xa;" type="junit.framework.AssertionFailedError">junit.framework.AssertionFailedError: Condition not satisfied:

model.tagInstance!= null
|     |          |
[:]   null       false

	at fr.isima.gask.TagControllerSpec.Test the create action returns the correct model(TagControllerSpec.groovy:33)
</failure>

      </testcase>

      <testcase classname="fr.isima.gask.TagControllerSpec" name="Test the save action correctly persists an instance" time="0.089">
          <error message="No signature of method: fr.isima.gask.TagController.save() is applicable for argument types: (fr.isima.gask.Tag) values: [fr.isima.gask.Tag : (unsaved)]&#xa;Possible solutions: wait(), any(), wait(long), raw(java.lang.Object), each(groovy.lang.Closure), any(groovy.lang.Closure)" type="groovy.lang.MissingMethodException">groovy.lang.MissingMethodException: No signature of method: fr.isima.gask.TagController.save() is applicable for argument types: (fr.isima.gask.Tag) values: [fr.isima.gask.Tag : (unsaved)]
Possible solutions: wait(), any(), wait(long), raw(java.lang.Object), each(groovy.lang.Closure), any(groovy.lang.Closure)
	at fr.isima.gask.TagControllerSpec.Test the save action correctly persists an instance(TagControllerSpec.groovy:43)
</error>

      </testcase>

      <testcase classname="fr.isima.gask.TagControllerSpec" name="Test that the show action returns the correct model" time="0.03">
          <error message="No signature of method: fr.isima.gask.TagController.show() is applicable for argument types: (null) values: [null]&#xa;Possible solutions: raw(java.lang.Object), wait(), get(), users(), any(), dump()" type="groovy.lang.MissingMethodException">groovy.lang.MissingMethodException: No signature of method: fr.isima.gask.TagController.show() is applicable for argument types: (null) values: [null]
Possible solutions: raw(java.lang.Object), wait(), get(), users(), any(), dump()
	at fr.isima.gask.TagControllerSpec.Test that the show action returns the correct model(TagControllerSpec.groovy:64)
</error>

      </testcase>

      <testcase classname="fr.isima.gask.TagControllerSpec" name="Test that the edit action returns the correct model" time="0.037">
          <error message="No signature of method: fr.isima.gask.TagController.edit() is applicable for argument types: (null) values: [null]&#xa;Possible solutions: wait(), wait(long), get(), delete(), wait(long, int), get(int)" type="groovy.lang.MissingMethodException">groovy.lang.MissingMethodException: No signature of method: fr.isima.gask.TagController.edit() is applicable for argument types: (null) values: [null]
Possible solutions: wait(), wait(long), get(), delete(), wait(long, int), get(int)
	at fr.isima.gask.TagControllerSpec.Test that the edit action returns the correct model(TagControllerSpec.groovy:80)
</error>

      </testcase>

      <testcase classname="fr.isima.gask.TagControllerSpec" name="Test the update action performs an update on a valid domain instance" time="0.065">
          <error message="No signature of method: fr.isima.gask.TagController.update() is applicable for argument types: (null) values: [null]&#xa;Possible solutions: update(), update(int), create(), delete(), get(), delete(int)" type="groovy.lang.MissingMethodException">groovy.lang.MissingMethodException: No signature of method: fr.isima.gask.TagController.update() is applicable for argument types: (null) values: [null]
Possible solutions: update(), update(int), create(), delete(), get(), delete(int)
	at fr.isima.gask.TagControllerSpec.Test the update action performs an update on a valid domain instance(TagControllerSpec.groovy:98)
</error>

      </testcase>

      <testcase classname="fr.isima.gask.TagControllerSpec" name="Test that the delete action deletes an instance if it exists" time="0.032">
          <error message="No signature of method: fr.isima.gask.TagController.delete() is applicable for argument types: (null) values: [null]&#xa;Possible solutions: delete(), delete(int), create(), get(), update(), every()" type="groovy.lang.MissingMethodException">groovy.lang.MissingMethodException: No signature of method: fr.isima.gask.TagController.delete() is applicable for argument types: (null) values: [null]
Possible solutions: delete(), delete(int), create(), get(), update(), every()
	at fr.isima.gask.TagControllerSpec.Test that the delete action deletes an instance if it exists(TagControllerSpec.groovy:130)
</error>

      </testcase>

      <system-out><![CDATA[--Output from Test the index action returns the correct model--
--Output from Test the create action returns the correct model--
--Output from Test the save action correctly persists an instance--
--Output from Test that the show action returns the correct model--
--Output from Test that the edit action returns the correct model--
--Output from Test the update action performs an update on a valid domain instance--
--Output from Test that the delete action deletes an instance if it exists--
]]></system-out>

      <system-err><![CDATA[--Output from Test the index action returns the correct model--
--Output from Test the create action returns the correct model--
--Output from Test the save action correctly persists an instance--
--Output from Test that the show action returns the correct model--
--Output from Test that the edit action returns the correct model--
--Output from Test the update action performs an update on a valid domain instance--
--Output from Test that the delete action deletes an instance if it exists--
]]></system-err>

  </testsuite>
  <testsuite errors="5" failures="2" hostname="zaini" id="10" name="UserControllerSpec" package="fr.isima.gask" tests="7" time="0.749" timestamp="2015-02-07T18:22:09">
      <properties />

      <testcase classname="fr.isima.gask.UserControllerSpec" name="Test the index action returns the correct model" time="0.32">
          <failure message="Condition not satisfied:&#xa;&#xa;model.userInstanceCount == 0&#xa;|     |                 |&#xa;[:]   null              false&#xa;" type="junit.framework.AssertionFailedError">junit.framework.AssertionFailedError: Condition not satisfied:

model.userInstanceCount == 0
|     |                 |
[:]   null              false

	at fr.isima.gask.UserControllerSpec.Test the index action returns the correct model(UserControllerSpec.groovy:25)
</failure>

      </testcase>

      <testcase classname="fr.isima.gask.UserControllerSpec" name="Test the create action returns the correct model" time="0.07">
          <failure message="Condition not satisfied:&#xa;&#xa;model.userInstance!= null&#xa;|     |           |&#xa;[:]   null        false&#xa;" type="junit.framework.AssertionFailedError">junit.framework.AssertionFailedError: Condition not satisfied:

model.userInstance!= null
|     |           |
[:]   null        false

	at fr.isima.gask.UserControllerSpec.Test the create action returns the correct model(UserControllerSpec.groovy:33)
</failure>

      </testcase>

      <testcase classname="fr.isima.gask.UserControllerSpec" name="Test the save action correctly persists an instance" time="0.101">
          <error message="No signature of method: fr.isima.gask.UserController.save() is applicable for argument types: (fr.isima.gask.User) values: [fr.isima.gask.User : (unsaved)]&#xa;Possible solutions: wait(), names(), any(), wait(long), raw(java.lang.Object), each(groovy.lang.Closure)" type="groovy.lang.MissingMethodException">groovy.lang.MissingMethodException: No signature of method: fr.isima.gask.UserController.save() is applicable for argument types: (fr.isima.gask.User) values: [fr.isima.gask.User : (unsaved)]
Possible solutions: wait(), names(), any(), wait(long), raw(java.lang.Object), each(groovy.lang.Closure)
	at fr.isima.gask.UserControllerSpec.Test the save action correctly persists an instance(UserControllerSpec.groovy:43)
</error>

      </testcase>

      <testcase classname="fr.isima.gask.UserControllerSpec" name="Test that the show action returns the correct model" time="0.063">
          <error message="No signature of method: fr.isima.gask.UserController.show() is applicable for argument types: (null) values: [null]&#xa;Possible solutions: raw(java.lang.Object), wait(), get(), any(), dump(), find()" type="groovy.lang.MissingMethodException">groovy.lang.MissingMethodException: No signature of method: fr.isima.gask.UserController.show() is applicable for argument types: (null) values: [null]
Possible solutions: raw(java.lang.Object), wait(), get(), any(), dump(), find()
	at fr.isima.gask.UserControllerSpec.Test that the show action returns the correct model(UserControllerSpec.groovy:64)
</error>

      </testcase>

      <testcase classname="fr.isima.gask.UserControllerSpec" name="Test that the edit action returns the correct model" time="0.031">
          <error message="No signature of method: fr.isima.gask.UserController.edit() is applicable for argument types: (null) values: [null]&#xa;Possible solutions: wait(), wait(long), get(), delete(), wait(long, int), get(int)" type="groovy.lang.MissingMethodException">groovy.lang.MissingMethodException: No signature of method: fr.isima.gask.UserController.edit() is applicable for argument types: (null) values: [null]
Possible solutions: wait(), wait(long), get(), delete(), wait(long, int), get(int)
	at fr.isima.gask.UserControllerSpec.Test that the edit action returns the correct model(UserControllerSpec.groovy:80)
</error>

      </testcase>

      <testcase classname="fr.isima.gask.UserControllerSpec" name="Test the update action performs an update on a valid domain instance" time="0.041">
          <error message="No signature of method: fr.isima.gask.UserController.update() is applicable for argument types: (null) values: [null]&#xa;Possible solutions: update(), update(int), create(), delete(), badges(), get()" type="groovy.lang.MissingMethodException">groovy.lang.MissingMethodException: No signature of method: fr.isima.gask.UserController.update() is applicable for argument types: (null) values: [null]
Possible solutions: update(), update(int), create(), delete(), badges(), get()
	at fr.isima.gask.UserControllerSpec.Test the update action performs an update on a valid domain instance(UserControllerSpec.groovy:98)
</error>

      </testcase>

      <testcase classname="fr.isima.gask.UserControllerSpec" name="Test that the delete action deletes an instance if it exists" time="0.055">
          <error message="No signature of method: fr.isima.gask.UserController.delete() is applicable for argument types: (null) values: [null]&#xa;Possible solutions: delete(), delete(int), create(), get(), update(), every()" type="groovy.lang.MissingMethodException">groovy.lang.MissingMethodException: No signature of method: fr.isima.gask.UserController.delete() is applicable for argument types: (null) values: [null]
Possible solutions: delete(), delete(int), create(), get(), update(), every()
	at fr.isima.gask.UserControllerSpec.Test that the delete action deletes an instance if it exists(UserControllerSpec.groovy:130)
</error>

      </testcase>

      <system-out><![CDATA[--Output from Test the index action returns the correct model--
--Output from Test the create action returns the correct model--
--Output from Test the save action correctly persists an instance--
--Output from Test that the show action returns the correct model--
--Output from Test that the edit action returns the correct model--
--Output from Test the update action performs an update on a valid domain instance--
--Output from Test that the delete action deletes an instance if it exists--
]]></system-out>

      <system-err><![CDATA[--Output from Test the index action returns the correct model--
--Output from Test the create action returns the correct model--
--Output from Test the save action correctly persists an instance--
--Output from Test that the show action returns the correct model--
--Output from Test that the edit action returns the correct model--
--Output from Test the update action performs an update on a valid domain instance--
--Output from Test that the delete action deletes an instance if it exists--
]]></system-err>

  </testsuite>
  <testsuite errors="2" failures="1" hostname="zaini" id="11" name="VoteControllerSpec" package="fr.isima.gask" tests="7" time="1.294" timestamp="2015-02-07T18:22:06">
      <properties />

      <testcase classname="fr.isima.gask.VoteControllerSpec" name="Test the index action returns the correct model" time="0.417" />

      <testcase classname="fr.isima.gask.VoteControllerSpec" name="Test the create action returns the correct model" time="0.101" />

      <testcase classname="fr.isima.gask.VoteControllerSpec" name="Test the save action correctly persists an instance" time="0.436">
          <error message="Cannot redirect for object [fr.isima.gask.Vote : (unsaved)] it is not a domain or has no identifier. Use an explicit redirect instead " type="org.codehaus.groovy.grails.web.servlet.mvc.exceptions.CannotRedirectException">org.codehaus.groovy.grails.web.servlet.mvc.exceptions.CannotRedirectException: Cannot redirect for object [fr.isima.gask.Vote : (unsaved)] it is not a domain or has no identifier. Use an explicit redirect instead 
	at fr.isima.gask.VoteController.tt__save_closure9_closure14(VoteController.groovy:43)
	at fr.isima.gask.VoteController.$tt__save(VoteController.groovy:40)
	at fr.isima.gask.VoteControllerSpec.Test the save action correctly persists an instance(VoteControllerSpec.groovy:54)
</error>

      </testcase>

      <testcase classname="fr.isima.gask.VoteControllerSpec" name="Test that the show action returns the correct model" time="0.033" />

      <testcase classname="fr.isima.gask.VoteControllerSpec" name="Test that the edit action returns the correct model" time="0.034" />

      <testcase classname="fr.isima.gask.VoteControllerSpec" name="Test the update action performs an update on a valid domain instance" time="0.142">
          <error message="Cannot get property &apos;id&apos; on null object" type="java.lang.NullPointerException">java.lang.NullPointerException: Cannot get property &apos;id&apos; on null object
	at fr.isima.gask.VoteControllerSpec.Test the update action performs an update on a valid domain instance(VoteControllerSpec.groovy:122)
</error>

      </testcase>

      <testcase classname="fr.isima.gask.VoteControllerSpec" name="Test that the delete action deletes an instance if it exists" time="0.072">
          <failure message="Condition not satisfied:&#xa;&#xa;Vote.count() == 1&#xa;     |       |&#xa;     0       false&#xa;" type="junit.framework.AssertionFailedError">junit.framework.AssertionFailedError: Condition not satisfied:

Vote.count() == 1
     |       |
     0       false

	at fr.isima.gask.VoteControllerSpec.Test that the delete action deletes an instance if it exists(VoteControllerSpec.groovy:142)
</failure>

      </testcase>

      <system-out><![CDATA[--Output from Test the index action returns the correct model--
--Output from Test the create action returns the correct model--
--Output from Test the save action correctly persists an instance--
--Output from Test that the show action returns the correct model--
--Output from Test that the edit action returns the correct model--
--Output from Test the update action performs an update on a valid domain instance--
--Output from Test that the delete action deletes an instance if it exists--
]]></system-out>

      <system-err><![CDATA[--Output from Test the index action returns the correct model--
--Output from Test the create action returns the correct model--
--Output from Test the save action correctly persists an instance--
--Output from Test that the show action returns the correct model--
--Output from Test that the edit action returns the correct model--
--Output from Test the update action performs an update on a valid domain instance--
--Output from Test that the delete action deletes an instance if it exists--
]]></system-err>

  </testsuite>
</testsuites>
